<?xml version="1.0" encoding="UTF-8"?>
<testng-results skipped="0" failed="0" total="1" passed="1">
  <reporter-output>
  </reporter-output>
  <suite name="Suite" duration-ms="31" started-at="2017-01-04T05:56:42Z" finished-at="2017-01-04T05:56:42Z">
    <groups>
    </groups>
    <test name="Test" duration-ms="31" started-at="2017-01-04T05:56:42Z" finished-at="2017-01-04T05:56:42Z">
      <class name="ranjith1.Test1">
        <test-method status="PASS" signature="login()[pri:0, instance:ranjith1.Test1@7a79be86]" name="login" is-config="true" duration-ms="16" started-at="2017-01-04T11:26:42Z" finished-at="2017-01-04T11:26:42Z">
          <reporter-output>
          </reporter-output>
        </test-method> <!-- login -->
        <test-method status="PASS" signature="create_cust()[pri:0, instance:ranjith1.Test1@7a79be86]" name="create_cust" duration-ms="0" started-at="2017-01-04T11:26:42Z" finished-at="2017-01-04T11:26:42Z">
          <reporter-output>
          </reporter-output>
        </test-method> <!-- create_cust -->
        <test-method status="PASS" signature="logout()[pri:0, instance:ranjith1.Test1@7a79be86]" name="logout" is-config="true" duration-ms="0" started-at="2017-01-04T11:26:42Z" finished-at="2017-01-04T11:26:42Z">
          <reporter-output>
          </reporter-output>
        </test-method> <!-- logout -->
      </class> <!-- ranjith1.Test1 -->
    </test> <!-- Test -->
  </suite> <!-- Suite -->
</testng-results>
